<?xml version="1.0" encoding="UTF-8"?>
<testng-results total="2" passed="2" failed="0" skipped="0">
  <reporter-output>
  </reporter-output>
  <suite started-at="2024-06-16T01:56:34Z" name="Default suite" finished-at="2024-06-16T01:56:57Z" duration-ms="23324">
    <groups>
    </groups>
    <test started-at="2024-06-16T01:56:34Z" name="Default test" finished-at="2024-06-16T01:56:57Z" duration-ms="23324">
      <class name="DataProviderClass">
        <test-method signature="loginToApplication(java.lang.String, java.lang.String)[pri:0, instance:DataProviderClass@35645047]" started-at="2024-06-16T07:26:34Z" name="loginToApplication" data-provider="getTestData" finished-at="2024-06-16T07:26:46Z" duration-ms="11579" status="PASS">
          <params>
            <param index="0">
              <value>
                <![CDATA[Admin]]>
              </value>
            </param>
            <param index="1">
              <value>
                <![CDATA[admin123]]>
              </value>
            </param>
          </params>
          <reporter-output>
          </reporter-output>
        </test-method> <!-- loginToApplication -->
        <test-method signature="loginToApplication(java.lang.String, java.lang.String)[pri:0, instance:DataProviderClass@35645047]" started-at="2024-06-16T07:26:46Z" name="loginToApplication" data-provider="getTestData" finished-at="2024-06-16T07:26:57Z" duration-ms="11705" status="PASS">
          <params>
            <param index="0">
              <value>
                <![CDATA[superAdmin]]>
              </value>
            </param>
            <param index="1">
              <value>
                <![CDATA[test@123]]>
              </value>
            </param>
          </params>
          <reporter-output>
          </reporter-output>
        </test-method> <!-- loginToApplication -->
      </class> <!-- DataProviderClass -->
    </test> <!-- Default test -->
  </suite> <!-- Default suite -->
</testng-results>
